<?xml version="1.0" encoding="UTF-8"?>
<testng-results skipped="0" failed="0" ignored="0" total="1" passed="1">
  <reporter-output>
  </reporter-output>
  <suite name="Default suite" duration-ms="40117" started-at="2018-07-12T16:27:06Z" finished-at="2018-07-12T16:27:46Z">
    <groups>
    </groups>
    <test name="Default test" duration-ms="40117" started-at="2018-07-12T16:27:06Z" finished-at="2018-07-12T16:27:46Z">
      <class name="testcases.TC_001">
        <test-method status="PASS" signature="testcase1()[pri:0, instance:testcases.TC_001@396a51ab]" name="testcase1" duration-ms="40079" started-at="2018-07-12T21:57:06Z" finished-at="2018-07-12T21:57:46Z">
          <reporter-output>
          </reporter-output>
        </test-method> <!-- testcase1 -->
      </class> <!-- testcases.TC_001 -->
    </test> <!-- Default test -->
  </suite> <!-- Default suite -->
</testng-results>
